<?xml version="1.0" encoding="UTF-8"?>
<testng-results ignored="0" total="2" passed="2" failed="0" skipped="0">
  <reporter-output>
  </reporter-output>
  <suite started-at="2023-05-28T11:31:19 IST" name="Suite" finished-at="2023-05-28T11:31:28 IST" duration-ms="8425">
    <groups>
    </groups>
    <test started-at="2023-05-28T11:31:19 IST" name="Test" finished-at="2023-05-28T11:31:28 IST" duration-ms="8425">
      <class name="testPackage.Post_TC_1">
        <test-method signature="execute()[pri:0, instance:testPackage.Post_TC_1@53251a66]" started-at="2023-05-28T11:31:19 IST" name="execute" finished-at="2023-05-28T11:31:25 IST" duration-ms="6081" status="PASS">
          <reporter-output>
          </reporter-output>
        </test-method> <!-- execute -->
      </class> <!-- testPackage.Post_TC_1 -->
      <class name="testPackage.Post_TC_2">
        <test-method signature="execute()[pri:0, instance:testPackage.Post_TC_2@44c73c26]" started-at="2023-05-28T11:31:26 IST" name="execute" finished-at="2023-05-28T11:31:28 IST" duration-ms="2176" status="PASS">
          <reporter-output>
          </reporter-output>
        </test-method> <!-- execute -->
      </class> <!-- testPackage.Post_TC_2 -->
    </test> <!-- Test -->
  </suite> <!-- Suite -->
</testng-results>
